2025-10-11 11:19:34,282 | INFO | ARGV → fATR_trading.py
2025-10-11 11:19:34,283 | INFO | 🔧 Using config file: D:\QuantML\VS_QuantML_PROD_US\config.py
2025-10-11 11:19:34,283 | INFO | CFG → mode=percent, pct_trigger=0.0300, pct_step=0.0100, atr_trigger=1.00, atr_step=0.50, max_mult=2.50, interval=120s
2025-10-11 11:19:34,283 | INFO | ARGS → mode=None, pct_trigger=None, pct_step=None, atr_trigger=None, atr_step=None, max_mult=None, interval=None
2025-10-11 11:19:34,283 | INFO | ✅ EFFECTIVE → mode=percent (profile), pct_trigger=0.0070, pct_step=0.0040, atr_trigger=0.25, atr_step=0.20, max_mult=2.50, interval=60s
2025-10-11 11:19:39,811 | INFO | 🔍 Scanning 7 open positions: AMCR, F, GS, HPQ, PSKY, VTRS, WBD
2025-10-11 11:19:40,626 | INFO | └─ AMCR: pct_move=0.6627 trigger_pct=0.007 reason=trigger_not_met
2025-10-11 11:19:41,290 | INFO | └─ F: reason=tp_step_too_small cur_tp=10.87 new_tp=10.82428 min_abs=0.05 min_rel=0.001
2025-10-11 11:19:44,200 | WARNING | Order 85c4013c-61e7-4108-9a2c-40f46b6415ee for GS still visible after cancel timeout.
2025-10-11 11:19:44,200 | WARNING | Proceeding with SL→TP rebalance even though SL still appears open for GS.
2025-10-11 11:19:44,583 | WARNING | No free qty for new TP on GS after SL rebalance (pos=1).
2025-10-11 11:19:44,864 | INFO | └─ GS: dir=SHORT entry=775.952857 live=764.77 delta=11.182857 cur_tp=760.4338 new_tp=757.37472 capped=False step_type=% step_pct=0.004 pct_move=1.4412 step_value_abs=3.05908
2025-10-11 11:19:45,045 | WARNING | No open TP order found for GS (SHORT) — cannot amend TP.
2025-10-11 11:19:45,137 | WARNING | No free qty for new TP on GS — existing exits consume the position.
2025-10-11 11:19:48,118 | WARNING | Order 8f4bd403-81fa-4084-a2de-a9a0dbc2b1c9 for HPQ still visible after cancel timeout.
2025-10-11 11:19:48,119 | WARNING | Proceeding with SL→TP rebalance even though SL still appears open for HPQ.
2025-10-11 11:19:48,504 | WARNING | No free qty for new TP on HPQ after SL rebalance (pos=1).
2025-10-11 11:19:48,785 | INFO | └─ HPQ: dir=SHORT entry=26.83 live=25.56 delta=1.27 cur_tp=26.2934 new_tp=26.19116 capped=False step_type=% step_pct=0.004 pct_move=4.7335 step_value_abs=0.10224
2025-10-11 11:19:48,967 | WARNING | No open TP order found for HPQ (SHORT) — cannot amend TP.
2025-10-11 11:19:49,060 | WARNING | No free qty for new TP on HPQ — existing exits consume the position.
2025-10-11 11:19:49,809 | INFO | └─ PSKY: dir=SHORT entry=17.82 live=17.005 delta=0.815 cur_tp=11.47 new_tp=11.40198 capped=False step_type=% step_pct=0.004 pct_move=4.5735 step_value_abs=0.06802
2025-10-11 11:19:50,082 | INFO | ⬆️ Replaced TP for PSKY SHORT → 11.40
2025-10-11 11:19:50,283 | INFO | └─ PSKY: tp_parent_id=None tp_qty_hint=1 tp_coid_prefix=28d5bc7f-ae21-4a6a-abc3-c75a5372268a
2025-10-11 11:19:50,470 | INFO | 🔒 Replaced SL for PSKY SHORT → 17.13
2025-10-11 11:19:51,222 | INFO | └─ VTRS: reason=tp_step_too_small cur_tp=9.38 new_tp=9.34108 min_abs=0.05 min_rel=0.001
2025-10-11 11:19:51,884 | INFO | └─ WBD: dir=SHORT entry=17.37 live=17.115 delta=0.255 cur_tp=15.3 new_tp=15.23154 capped=False step_type=% step_pct=0.004 pct_move=1.468 step_value_abs=0.06846
2025-10-11 11:19:52,164 | INFO | ⬆️ Replaced TP for WBD SHORT → 15.23
2025-10-11 11:19:52,364 | INFO | └─ WBD: tp_parent_id=None tp_qty_hint=11 tp_coid_prefix=c068965f-105d-423f-af1a-b8aea3174ab5
2025-10-11 11:19:52,547 | INFO | 🔒 Replaced SL for WBD SHORT → 18.40
2025-10-11 11:19:54,011 | INFO | 📈 Cycle result: extended=2, skipped=5
2025-10-11 11:19:54,734 | WARNING | Healthcheck(close) error on GS: name 'base_sl' is not defined
2025-10-11 11:19:54,920 | WARNING | Healthcheck(close) error on HPQ: name 'base_sl' is not defined
2025-10-11 11:19:55,490 | INFO | 🏥 Healthcheck(close) done — fixed=0, missing_sl=0, missing_tp=0
2025-10-11 11:19:55,490 | INFO | 🔔 Market closed — stopping monitor loop.
