2025-10-11 11:28:15,708 | INFO | ARGV → fATR_trading.py
2025-10-11 11:28:15,709 | INFO | 🔧 Using config file: D:\QuantML\VS_QuantML_PROD_US\config.py
2025-10-11 11:28:15,709 | INFO | CFG → mode=percent, pct_trigger=0.0300, pct_step=0.0100, atr_trigger=1.00, atr_step=0.50, max_mult=2.50, interval=120s
2025-10-11 11:28:15,709 | INFO | ARGS → mode=None, pct_trigger=None, pct_step=None, atr_trigger=None, atr_step=None, max_mult=None, interval=None
2025-10-11 11:28:15,709 | INFO | ✅ EFFECTIVE → mode=percent (profile), pct_trigger=0.0070, pct_step=0.0040, atr_trigger=0.25, atr_step=0.20, max_mult=2.50, interval=60s
2025-10-11 11:28:21,519 | INFO | 🔍 Scanning 7 open positions: AMCR, F, GS, HPQ, PSKY, VTRS, WBD
2025-10-11 11:28:22,291 | INFO | └─ AMCR: pct_move=0.6627 trigger_pct=0.007 reason=trigger_not_met
2025-10-11 11:28:22,960 | INFO | └─ F: reason=tp_step_too_small cur_tp=10.87 new_tp=10.82428 min_abs=0.05 min_rel=0.001
2025-10-11 11:28:23,704 | WARNING | Could not cancel order 85c4013c-61e7-4108-9a2c-40f46b6415ee for GS: order pending cancel
2025-10-11 11:28:23,705 | WARNING | Proceeding with SL→TP rebalance even though SL still appears open for GS.
2025-10-11 11:28:24,090 | WARNING | No free qty for new TP on GS after SL rebalance (pos=1).
2025-10-11 11:28:24,379 | INFO | └─ GS: dir=SHORT entry=775.952857 live=764.77 delta=11.182857 cur_tp=760.4338 new_tp=757.37472 capped=False step_type=% step_pct=0.004 pct_move=1.4412 step_value_abs=3.05908
2025-10-11 11:28:24,561 | WARNING | No open TP order found for GS (SHORT) — cannot amend TP.
2025-10-11 11:28:24,660 | WARNING | No free qty for new TP on GS — existing exits consume the position.
2025-10-11 11:28:25,498 | WARNING | Could not cancel order 8f4bd403-81fa-4084-a2de-a9a0dbc2b1c9 for HPQ: order pending cancel
2025-10-11 11:28:25,499 | WARNING | Proceeding with SL→TP rebalance even though SL still appears open for HPQ.
2025-10-11 11:28:25,885 | WARNING | No free qty for new TP on HPQ after SL rebalance (pos=1).
2025-10-11 11:28:26,166 | INFO | └─ HPQ: dir=SHORT entry=26.83 live=25.56 delta=1.27 cur_tp=26.2934 new_tp=26.19116 capped=False step_type=% step_pct=0.004 pct_move=4.7335 step_value_abs=0.10224
2025-10-11 11:28:26,356 | WARNING | No open TP order found for HPQ (SHORT) — cannot amend TP.
2025-10-11 11:28:26,450 | WARNING | No free qty for new TP on HPQ — existing exits consume the position.
2025-10-11 11:28:27,206 | INFO | └─ PSKY: dir=SHORT entry=17.82 live=17.005 delta=0.815 cur_tp=11.4 new_tp=11.33198 capped=False step_type=% step_pct=0.004 pct_move=4.5735 step_value_abs=0.06802
2025-10-11 11:28:27,488 | WARNING | replace_order failed for PSKY: order already pending replacement — falling back to cancel+submit
2025-10-11 11:28:27,577 | WARNING | Could not cancel existing TP for PSKY: order pending replacement
2025-10-11 11:28:28,239 | INFO | └─ VTRS: reason=tp_step_too_small cur_tp=9.38 new_tp=9.34108 min_abs=0.05 min_rel=0.001
2025-10-11 11:28:28,896 | INFO | └─ WBD: dir=SHORT entry=17.37 live=17.115 delta=0.255 cur_tp=15.23 new_tp=15.16154 capped=False step_type=% step_pct=0.004 pct_move=1.468 step_value_abs=0.06846
2025-10-11 11:28:29,177 | WARNING | replace_order failed for WBD: order already pending replacement — falling back to cancel+submit
2025-10-11 11:28:29,268 | WARNING | Could not cancel existing TP for WBD: order pending replacement
2025-10-11 11:28:30,662 | INFO | 📈 Cycle result: extended=0, skipped=7
2025-10-11 11:28:31,390 | WARNING | Healthcheck(close) error on GS: name 'base_sl' is not defined
2025-10-11 11:28:31,572 | WARNING | Healthcheck(close) error on HPQ: name 'base_sl' is not defined
2025-10-11 11:28:32,113 | INFO | 🏥 Healthcheck(close) done — fixed=0, missing_sl=0, missing_tp=0
2025-10-11 11:28:32,113 | INFO | 🔔 Market closed — stopping monitor loop.
