2025-10-13 18:44:42,392 | INFO | ARGV → fATR_trading.py
2025-10-13 18:44:42,392 | INFO | 🔧 Using config file: D:\QuantML\VS_QuantML_PROD_US\config.py
2025-10-13 18:44:42,393 | INFO | CFG → mode=percent, pct_trigger=0.0300, pct_step=0.0100, atr_trigger=1.00, atr_step=0.50, max_mult=2.50, interval=120s
2025-10-13 18:44:42,393 | INFO | ARGS → mode=None, pct_trigger=None, pct_step=None, atr_trigger=None, atr_step=None, max_mult=None, interval=None
2025-10-13 18:44:42,393 | INFO | ✅ EFFECTIVE → mode=percent (profile), pct_trigger=0.0070, pct_step=0.0040, atr_trigger=0.25, atr_step=0.20, max_mult=2.50, interval=60s
2025-10-13 18:44:47,466 | INFO | 🔍 Scanning 15 open positions: ALV, AMCR, AZO, COST, ENR, F, HLN, MTX, NG, PSKY …
2025-10-13 18:44:48,132 | INFO | ⬆️ Replaced TP for ALV LONG → 117.76
2025-10-13 18:44:48,519 | WARNING | submit_order doesn't support reduce_only in this SDK; retrying without it (was True).
2025-10-13 18:44:48,612 | WARNING | Failed to submit SL for ALV: insufficient qty available for order (requested: 4, available: 0)
2025-10-13 18:44:48,894 | WARNING | Failed to submit SL (retry) for ALV: insufficient qty available for order (requested: 4, available: 0)
2025-10-13 18:44:49,176 | ERROR | Failed to submit SL (retry) for ALV: insufficient qty available for order (requested: 10, available: 0)
2025-10-13 18:44:50,550 | WARNING | Failed to submit SL for ALV: insufficient qty available for order (requested: 10, available: 0)
2025-10-13 18:44:50,832 | WARNING | Failed to submit SL (retry) for ALV: insufficient qty available for order (requested: 10, available: 0)
2025-10-13 18:44:51,112 | ERROR | Failed to submit SL (retry) for ALV: insufficient qty available for order (requested: 10, available: 0)
2025-10-13 18:44:51,206 | CRITICAL | 🛡️ Failsafe: could not place SL for ALV after freeing. Investigate immediately.
2025-10-13 18:44:51,301 | INFO | └─ ALV: reason=unfavorable_or_flat delta=-1.226935
2025-10-13 18:44:51,762 | WARNING | No open TP order found for AMCR (SHORT) — cannot amend TP.
2025-10-13 18:44:51,855 | WARNING | No free qty for new TP on AMCR — existing exits consume the position.
2025-10-13 18:44:52,134 | WARNING | No free qty for new SL on AMCR — TP/SL legs already reserve 244.0 of 244.0.
2025-10-13 18:44:52,317 | WARNING | Rebalance requested, but no TP found to reduce for AMCR.
2025-10-13 18:44:53,596 | WARNING | No free qty for new SL on AMCR — TP/SL legs already reserve 244.0 of 244.0.
2025-10-13 18:44:53,779 | WARNING | Rebalance requested, but no TP found to reduce for AMCR.
2025-10-13 18:44:53,872 | CRITICAL | 🛡️ Failsafe: could not place SL for AMCR after freeing. Investigate immediately.
2025-10-13 18:44:53,966 | INFO | └─ AMCR: pct_move=0.1629 trigger_pct=0.007 reason=trigger_not_met
2025-10-13 18:44:54,456 | WARNING | No open TP order found for AZO (LONG) — cannot amend TP.
2025-10-13 18:44:54,457 | INFO | Single-share position for AZO — skipping TP create to preserve SL safety.
2025-10-13 18:44:54,642 | WARNING | No free qty for new SL on AZO — TP/SL legs already reserve 1.0 of 1.0.
2025-10-13 18:44:54,822 | WARNING | Rebalance requested, but no TP found to reduce for AZO.
2025-10-13 18:44:56,099 | WARNING | No free qty for new SL on AZO — TP/SL legs already reserve 1.0 of 1.0.
2025-10-13 18:44:56,279 | WARNING | Rebalance requested, but no TP found to reduce for AZO.
2025-10-13 18:44:56,375 | CRITICAL | 🛡️ Failsafe: could not place SL for AZO after freeing. Investigate immediately.
2025-10-13 18:44:56,468 | INFO | └─ AZO: reason=unfavorable_or_flat delta=-26.71
2025-10-13 18:44:56,932 | INFO | Single-share position for COST — skipping TP amend to preserve SL safety.
2025-10-13 18:44:57,117 | WARNING | No free qty for new SL on COST — TP/SL legs already reserve 1.0 of 1.0.
