2025-10-13 14:59:09,063 | INFO | ARGV → fATR_trading.py
2025-10-13 14:59:09,063 | INFO | 🔧 Using config file: D:\QuantML\VS_QuantML_PROD_US\config.py
2025-10-13 14:59:09,063 | INFO | CFG → mode=percent, pct_trigger=0.0300, pct_step=0.0100, atr_trigger=1.00, atr_step=0.50, max_mult=2.50, interval=120s
2025-10-13 14:59:09,064 | INFO | ARGS → mode=None, pct_trigger=None, pct_step=None, atr_trigger=None, atr_step=None, max_mult=None, interval=None
2025-10-13 14:59:09,064 | INFO | ✅ EFFECTIVE → mode=percent (profile), pct_trigger=0.0070, pct_step=0.0040, atr_trigger=0.25, atr_step=0.20, max_mult=2.50, interval=60s
2025-10-13 14:59:13,994 | INFO | 🔍 Scanning 16 open positions: ALV, AMCR, AZO, COST, ENR, F, HLN, HPQ, MTX, NG …
2025-10-13 14:59:14,674 | INFO | ⬆️ Replaced TP for ALV LONG → 118.00
2025-10-13 14:59:15,070 | WARNING | submit_order doesn't support reduce_only in this SDK; retrying without it (was True).
2025-10-13 14:59:15,168 | WARNING | Failed to submit SL for ALV: insufficient qty available for order (requested: 10, available: 0)
2025-10-13 14:59:15,460 | WARNING | Failed to submit SL (retry) for ALV: insufficient qty available for order (requested: 10, available: 0)
2025-10-13 14:59:15,748 | ERROR | Failed to submit SL (retry) for ALV: insufficient qty available for order (requested: 10, available: 0)
2025-10-13 14:59:17,140 | WARNING | Failed to submit SL for ALV: insufficient qty available for order (requested: 10, available: 0)
2025-10-13 14:59:17,434 | WARNING | Failed to submit SL (retry) for ALV: insufficient qty available for order (requested: 10, available: 0)
2025-10-13 14:59:17,723 | ERROR | Failed to submit SL (retry) for ALV: insufficient qty available for order (requested: 10, available: 0)
2025-10-13 14:59:17,821 | CRITICAL | 🛡️ Failsafe: could not place SL for ALV after freeing. Investigate immediately.
2025-10-13 14:59:17,917 | INFO | └─ ALV: reason=unfavorable_or_flat delta=-0.991935
2025-10-13 14:59:18,492 | INFO | ⬆️ Replaced TP for AMCR SHORT → 7.97
2025-10-13 14:59:18,883 | WARNING | No free qty for new SL on AMCR — TP/SL legs already reserve 244 of 244.
2025-10-13 16:46:38,496 | WARNING | Could not cancel order 329ea67d-e9d5-4aa9-9342-dd8b406e9fcd for AMCR: name 'logger' is not defined
2025-10-13 16:46:38,497 | WARNING | Proceeding with rebalance even though TP still appears open for AMCR.
2025-10-13 16:46:40,861 | WARNING | No free qty for new TP on AMCR — existing exits consume the position.
2025-10-13 16:46:41,055 | WARNING | Free-qty TP rebalance failed for AMCR: name 'pos' is not defined
2025-10-13 16:46:41,245 | INFO | └─ AMCR: reason=unfavorable_or_flat delta=-0.031961
2025-10-13 16:46:41,929 | WARNING | No open TP order found for AZO (LONG) — cannot amend TP.
2025-10-13 16:46:41,929 | INFO | Single-share position for AZO — skipping TP create to preserve SL safety.
2025-10-13 16:46:42,125 | WARNING | No free qty for new SL on AZO — TP/SL legs already reserve 1 of 1.
2025-10-13 16:46:42,312 | WARNING | Rebalance requested, but no TP found to reduce for AZO.
2025-10-13 16:46:43,606 | WARNING | No free qty for new SL on AZO — TP/SL legs already reserve 1 of 1.
2025-10-13 16:46:43,799 | WARNING | Rebalance requested, but no TP found to reduce for AZO.
2025-10-13 16:46:43,896 | CRITICAL | 🛡️ Failsafe: could not place SL for AZO after freeing. Investigate immediately.
2025-10-13 16:46:43,994 | INFO | └─ AZO: reason=unfavorable_or_flat delta=-38.84
2025-10-13 16:46:44,553 | INFO | ⬆️ Replaced TP for COST LONG → 935.45
2025-10-13 16:46:44,945 | WARNING | No free qty for new SL on COST — TP/SL legs already reserve 2 of 2.
